<?xml version="1.0" encoding="UTF-8"?>
<testsuite xmlns:xsi="http://www.w3.org/2001/XMLSchema-instance" xsi:noNamespaceSchemaLocation="https://maven.apache.org/surefire/maven-surefire-plugin/xsd/surefire-test-report-3.0.xsd" version="3.0" name="test.java.api.tests.PersonApiTest" time="10.782" tests="4" errors="0" skipped="0" failures="0">
  <properties>
[...]
</properties>
  <testcase name="testInvalidBirthdayFormat" classname="test.java.api.tests.PersonApiTest" time="2.207"/>
  <testcase name="testBirthdayFilter" classname="test.java.api.tests.PersonApiTest" time="2.582"/>
  <testcase name="testFilterGenderFemale" classname="test.java.api.tests.PersonApiTest" time="2.25"/>
  <testcase name="testPersonAddressStructure" classname="test.java.api.tests.PersonApiTest" time="3.739"/>
</testsuite>